2024-06-26 19:39:50.741 [main] ERROR br.edu.up.CinemaManager.daos.FilmeDao - Ocorreu um erro ao carregar os filmes.
java.io.FileNotFoundException: E:\UP\5ºSem\DesenvolvimentoDeSoftware\CinemaManager\data\listaFilmes.txt (O sistema não pode encontrar o caminho especificado)
	at java.base/java.io.FileInputStream.open0(Native Method) ~[?:?]
	at java.base/java.io.FileInputStream.open(FileInputStream.java:219) ~[?:?]
	at java.base/java.io.FileInputStream.<init>(FileInputStream.java:158) ~[?:?]
	at java.base/java.io.FileReader.<init>(FileReader.java:75) ~[?:?]
	at br.edu.up.CinemaManager.daos.FilmeDao.carregar(FilmeDao.java:19) [classes/:?]
	at br.edu.up.CinemaManager.controllers.FilmeController.<init>(FilmeController.java:20) [classes/:?]
	at br.edu.up.CinemaManager.view.FilmeView.<clinit>(FilmeView.java:14) [classes/:?]
	at br.edu.up.CinemaManager.Main.main(Main.java:29) [classes/:?]
2024-06-26 19:41:21.912 [main] ERROR br.edu.up.CinemaManager.daos.FilmeDao - Ocorreu um erro ao carregar os filmes.
java.io.FileNotFoundException: E:\UP\5ºSem\DesenvolvimentoDeSoftware\CinemaManager\data\listaFilmes.txt (O sistema não pode encontrar o caminho especificado)
	at java.base/java.io.FileInputStream.open0(Native Method) ~[?:?]
	at java.base/java.io.FileInputStream.open(FileInputStream.java:219) ~[?:?]
	at java.base/java.io.FileInputStream.<init>(FileInputStream.java:158) ~[?:?]
	at java.base/java.io.FileReader.<init>(FileReader.java:75) ~[?:?]
	at br.edu.up.CinemaManager.daos.FilmeDao.carregar(FilmeDao.java:19) [classes/:?]
	at br.edu.up.CinemaManager.controllers.FilmeController.<init>(FilmeController.java:20) [classes/:?]
	at br.edu.up.CinemaManager.view.FilmeView.<clinit>(FilmeView.java:14) [classes/:?]
	at br.edu.up.CinemaManager.Main.main(Main.java:29) [classes/:?]
2024-06-26 19:43:21.416 [main] INFO  br.edu.up.CinemaManager.controllers.FilmeController - Filme adicionado: Speed Racer
2024-06-26 19:43:43.643 [main] INFO  br.edu.up.CinemaManager.controllers.FilmeController - Filme removido: Speed Racer, ID10
2024-06-26 19:44:15.606 [main] INFO  br.edu.up.CinemaManager.controllers.SessaoController - Sessões listadas em ordem de horário.
2024-06-26 19:44:38.360 [main] WARN  br.edu.up.CinemaManager.controllers.SessaoController - Sessão não encontrada: 5
2024-06-26 19:48:34.524 [main] INFO  br.edu.up.CinemaManager.controllers.SessaoController - Sessão adicionada: 4
2024-06-26 19:48:40.024 [main] INFO  br.edu.up.CinemaManager.controllers.SessaoController - Sessões listadas em ordem de horário.
2024-06-26 19:49:20.979 [main] INFO  br.edu.up.CinemaManager.controllers.ClienteController - Cliente adicionado com sucesso: Cliente{nome='', cpf='60511531362', idade=18}
2024-06-26 19:54:33.520 [main] INFO  br.edu.up.CinemaManager.controllers.SessaoController - Sessão atualizada com sucesso: Sessao{idSessao=2, filme=1 , How I Met Your Mother , Comedia , Gustavo , 14, horario='20:00', tipo3D=true, tipoDublado=false, sala=2, assentosDisponiveis=[A3, A4, A5, A6, A7, A8, A9, A10, B0, B1, B2, B3, B4, B5, B6, B7, B8, B9, B10, C0, C1, C2, C3, C4, C5, C6, C7, C8, C9, C10, D0, D1, D2, D3, D4, D5, D6, D7, D8, D9, D10, E0, E1, E2, E3, E4, E5, E6, E7, E8, E9, E10, F0, F1, F2, F3, F4, F5, F6, F7, F8, F9, F10]}
2024-06-26 19:54:33.538 [main] INFO  br.edu.up.CinemaManager.controllers.TransacaoController - Transação adicionada: 9
2024-06-26 19:55:54.023 [main] INFO  br.edu.up.CinemaManager.controllers.ClienteController - Cliente removido com sucesso: Cliente{nome='', cpf='60511531362', idade=18}
2024-06-26 19:56:09.644 [main] INFO  br.edu.up.CinemaManager.controllers.ClienteController - Cliente removido com sucesso: Cliente{nome='', cpf='60511531362', idade=18}
2024-06-26 19:56:37.072 [main] INFO  br.edu.up.CinemaManager.controllers.ClienteController - Cliente adicionado com sucesso: Cliente{nome='Pedro', cpf='60511531362', idade=21}
2024-06-26 19:58:39.701 [main] INFO  br.edu.up.CinemaManager.controllers.ClienteController - Cliente adicionado com sucesso: Cliente{nome='Anna', cpf='605115362115', idade=20}
